<?xml version="1.0" encoding="UTF-8"?>
<!-- Generated by org.testng.reporters.JUnitReportReporter -->
<testsuite hostname="LAPTOP-QVHSJR93" failures="0" tests="1" name="com.github.pac.Simple" time="15.510" errors="0" timestamp="06 May 2022 05:40:15 GMT" skipped="0">
  <testcase classname="com.github.pac.Simple" name="amazon" time="15.510"/>
</testsuite> <!-- com.github.pac.Simple -->
