<?xml version="1.0" encoding="UTF-8"?>
<!-- Generated by org.testng.reporters.JUnitReportReporter -->
<testsuite hostname="LAPTOP-KB5AQG8N" failures="0" tests="1" name="com.github.pac.Anusha" time="3.093" errors="0" timestamp="06 May 2022 05:51:00 GMT" skipped="0">
  <testcase classname="com.github.pac.Anusha" name="myntra" time="3.093"/>
</testsuite> <!-- com.github.pac.Anusha -->
