<?xml version="1.0" encoding="UTF-8"?>
<!-- Generated by org.testng.reporters.JUnitReportReporter -->
<testsuite hostname="LAPTOP-CD8JOBST" failures="0" tests="1" name="com.github.pac.Srikkanth08" time="0.020" errors="0" timestamp="06 May 2022 05:51:20 GMT" skipped="0">
  <testcase classname="com.github.pac.Srikkanth08" name="srikkanth08" time="0.020"/>
</testsuite> <!-- com.github.pac.Srikkanth08 -->
