<?xml version="1.0" encoding="UTF-8"?>
<!-- Generated by org.testng.reporters.JUnitReportReporter -->
<testsuite hostname="LAPTOP-KB5AQG8N" failures="0" tests="1" name="com.github.pac.Simple" time="3.390" errors="0" timestamp="06 May 2022 05:40:33 GMT" skipped="0">
  <testcase classname="com.github.pac.Simple" name="flipkart" time="3.390"/>
</testsuite> <!-- com.github.pac.Simple -->
