<?xml version="1.0" encoding="UTF-8"?>
<!-- Generated by org.testng.reporters.JUnitReportReporter -->
<testsuite hostname="LAPTOP-CD8JOBST" failures="0" tests="1" name="com.github.pac.Flipkart$flipkart" time="30.864" errors="0" timestamp="06 May 2022 05:40:56 GMT" skipped="0">
  <testcase classname="com.github.pac.Flipkart$flipkart" name="amazon" time="30.864"/>
</testsuite> <!-- com.github.pac.Flipkart$flipkart -->
